[12:07:02] [91m[ ERROR (START) ][39m
[12:07:02] TypeError: Cannot read property 'catch' of undefined
[12:07:02] [91m[ ERROR (END) ][39m
[12:07:02] [91m[ ERROR (START) ][39m
[12:07:02] TypeError: Cannot read property 'catch' of undefined
[12:07:02] [91m[ ERROR (END) ][39m
[12:07:02] [91m[ ERROR (START) ][39m
[12:07:02] TypeError: Cannot read property 'catch' of undefined
[12:07:02] [91m[ ERROR (END) ][39m
[12:07:02] [91m[ ERROR (START) ][39m
[12:07:02] TypeError: Cannot read property 'catch' of undefined
[12:07:02] [91m[ ERROR (END) ][39m
[12:07:02] [91m[ ERROR (START) ][39m
[12:07:02] TypeError: Cannot read property 'catch' of undefined
[12:07:02] [91m[ ERROR (END) ][39m
[12:12:05] [91m[ ERROR (START) ][39m
[12:12:05] TypeError: Cannot read property 'catch' of undefined
[12:12:05] [91m[ ERROR (END) ][39m
[12:20:29] [91m[ ERROR (START) ][39m
[12:20:29] TypeError: Cannot read property 'catch' of undefined
[12:20:29] [91m[ ERROR (END) ][39m
[12:20:29] [91m[ ERROR (START) ][39m
[12:20:29] TypeError: Cannot read property 'catch' of undefined
[12:20:29] [91m[ ERROR (END) ][39m
[12:20:29] [91m[ ERROR (START) ][39m
[12:20:29] TypeError: Cannot read property 'catch' of undefined
[12:20:29] [91m[ ERROR (END) ][39m
[12:20:29] [91m[ ERROR (START) ][39m
[12:20:29] TypeError: Cannot read property 'catch' of undefined
[12:20:29] [91m[ ERROR (END) ][39m
[12:20:29] [91m[ ERROR (START) ][39m
[12:20:29] TypeError: Cannot read property 'catch' of undefined
[12:20:29] [91m[ ERROR (END) ][39m
[12:20:29] [91m[ ERROR (START) ][39m
[12:20:29] TypeError: Cannot read property 'catch' of undefined
[12:20:29] [91m[ ERROR (END) ][39m
[12:20:29] [91m[ ERROR (START) ][39m
[12:20:29] TypeError: Cannot read property 'catch' of undefined
[12:20:29] [91m[ ERROR (END) ][39m
[12:20:29] [91m[ ERROR (START) ][39m
[12:20:29] TypeError: Cannot read property 'catch' of undefined
[12:20:29] [91m[ ERROR (END) ][39m
[12:20:29] [91m[ ERROR (START) ][39m
[12:20:29] TypeError: Cannot read property 'catch' of undefined
[12:20:29] [91m[ ERROR (END) ][39m
[12:20:29] [91m[ ERROR (START) ][39m
[12:20:29] TypeError: Cannot read property 'catch' of undefined
[12:20:29] [91m[ ERROR (END) ][39m
[12:20:29] [91m[ ERROR (START) ][39m
[12:20:29] TypeError: Cannot read property 'catch' of undefined
[12:20:29] [91m[ ERROR (END) ][39m
[12:20:29] [91m[ ERROR (START) ][39m
[12:20:29] TypeError: Command.catch is not a function
[12:20:29] [91m[ ERROR (END) ][39m
[12:20:29] [91m[ ERROR (START) ][39m
[12:20:29] TypeError: Command.catch is not a function
[12:20:29] [91m[ ERROR (END) ][39m
[12:20:29] [91m[ ERROR (START) ][39m
[12:20:29] TypeError: Cannot read property 'catch' of undefined
[12:20:29] [91m[ ERROR (END) ][39m
[12:20:29] [91m[ ERROR (START) ][39m
[12:20:29] TypeError: Command.catch is not a function
[12:20:29] [91m[ ERROR (END) ][39m
[12:20:29] [91m[ ERROR (START) ][39m
[12:20:29] TypeError: Cannot read property 'catch' of undefined
[12:20:29] [91m[ ERROR (END) ][39m
[12:40:54] [91m[ ERROR (START) ][39m
[12:40:54] TypeError: Cannot read property 'catch' of undefined
[12:40:54] [91m[ ERROR (END) ][39m
[12:44:59] [91m[ ERROR (START) ][39m
[12:44:59] TypeError: Cannot read property 'catch' of undefined
[12:44:59] [91m[ ERROR (END) ][39m
[12:45:57] [91m[ ERROR (START) ][39m
[12:45:57] TypeError: Cannot read property 'catch' of undefined
[12:45:57] [91m[ ERROR (END) ][39m
[12:46:38] [91m[ ERROR (START) ][39m
[12:46:38] TypeError: Cannot read property 'catch' of undefined
[12:46:38] [91m[ ERROR (END) ][39m
[12:47:16] [91m[ ERROR (START) ][39m
[12:47:16] SyntaxError: Duplicate parameter name not allowed in this context
[12:47:16] [91m[ ERROR (END) ][39m
[12:47:16] [91m[ ERROR (START) ][39m
[12:47:16] TypeError: Cannot read property 'catch' of undefined
[12:47:16] [91m[ ERROR (END) ][39m
[12:48:19] [91m[ ERROR (START) ][39m
[12:48:19] TypeError: Cannot read property 'catch' of undefined
[12:48:19] [91m[ ERROR (END) ][39m
[12:49:12] [91m[ ERROR (START) ][39m
[12:49:12] TypeError: Cannot read property 'catch' of undefined
[12:49:12] [91m[ ERROR (END) ][39m
[12:50:30] [91m[ ERROR (START) ][39m
[12:50:30] SyntaxError: Duplicate parameter name not allowed in this context
[12:50:30] [91m[ ERROR (END) ][39m
[12:52:11] [91m[ ERROR (START) ][39m
[12:52:11] TypeError: Cannot read property 'catch' of undefined
[12:52:11] [91m[ ERROR (END) ][39m
[12:52:11] [91m[ ERROR (START) ][39m
[12:52:11] TypeError: Cannot read property 'catch' of undefined
[12:52:11] [91m[ ERROR (END) ][39m
[12:52:11] [91m[ ERROR (START) ][39m
[12:52:11] TypeError: Cannot read property 'catch' of undefined
[12:52:11] [91m[ ERROR (END) ][39m
[12:52:11] [91m[ ERROR (START) ][39m
[12:52:11] TypeError: Cannot read property 'catch' of undefined
[12:52:11] [91m[ ERROR (END) ][39m
[12:52:11] [91m[ ERROR (START) ][39m
[12:52:11] TypeError: Cannot read property 'catch' of undefined
[12:52:11] [91m[ ERROR (END) ][39m
[12:52:11] [91m[ ERROR (START) ][39m
[12:52:11] TypeError: Cannot read property 'catch' of undefined
[12:52:11] [91m[ ERROR (END) ][39m
[13:02:31] [91m[ ERROR (START) ][39m
[13:02:31] TypeError: Cannot read property 'catch' of undefined
[13:02:31] [91m[ ERROR (END) ][39m
[13:04:09] [91m[ ERROR (START) ][39m
[13:04:09] TypeError: Cannot read property 'catch' of undefined
[13:04:09] [91m[ ERROR (END) ][39m
[13:05:09] [91m[ ERROR (START) ][39m
[13:05:09] TypeError: Cannot read property 'catch' of undefined
[13:05:09] [91m[ ERROR (END) ][39m
[13:06:19] [91m[ ERROR (START) ][39m
[13:06:19] SyntaxError: Missing catch or finally after try
[13:06:19] [91m[ ERROR (END) ][39m
[13:06:55] [91m[ ERROR (START) ][39m
[13:06:55] SyntaxError: Unexpected token ')'
[13:06:55] [91m[ ERROR (END) ][39m
[13:07:09] [91m[ ERROR (START) ][39m
[13:07:09] ReferenceError: e is not defined
[13:07:09] [91m[ ERROR (END) ][39m
[13:07:09] [91m[ ERROR (START) ][39m
[13:07:09] TypeError: Cannot read property 'catch' of undefined
[13:07:09] [91m[ ERROR (END) ][39m
[13:10:18] [91m[ ERROR (START) ][39m
[13:10:18] TypeError: Cannot read property 'catch' of undefined
[13:10:18] [91m[ ERROR (END) ][39m
[13:11:39] [91m[ ERROR (START) ][39m
[13:11:39] TypeError: Cannot read property 'catch' of undefined
[13:11:39] [91m[ ERROR (END) ][39m
[13:11:39] [91m[ ERROR (START) ][39m
[13:11:39] TypeError: Cannot read property 'catch' of undefined
[13:11:39] [91m[ ERROR (END) ][39m
[13:11:39] [91m[ ERROR (START) ][39m
[13:11:39] TypeError: Cannot read property 'catch' of undefined
[13:11:39] [91m[ ERROR (END) ][39m
[13:11:39] [91m[ ERROR (START) ][39m
[13:11:39] TypeError: Cannot read property 'catch' of undefined
[13:11:39] [91m[ ERROR (END) ][39m
[13:11:39] [91m[ ERROR (START) ][39m
[13:11:39] TypeError: Command.catch is not a function
[13:11:39] [91m[ ERROR (END) ][39m
[13:11:39] [91m[ ERROR (START) ][39m
[13:11:39] TypeError: Command.catch is not a function
[13:11:39] [91m[ ERROR (END) ][39m
[13:11:39] [91m[ ERROR (START) ][39m
[13:11:39] TypeError: Cannot read property 'catch' of undefined
[13:11:39] [91m[ ERROR (END) ][39m
[13:11:39] [91m[ ERROR (START) ][39m
[13:11:39] TypeError: Cannot read property 'catch' of undefined
[13:11:39] [91m[ ERROR (END) ][39m
[13:17:43] [91m[ ERROR (START) ][39m
[13:17:43] TypeError: Cannot read property 'catch' of undefined
[13:17:43] [91m[ ERROR (END) ][39m
