[00:02:00] Loaded [94m32[39m Event(s)
[00:02:00] Loaded [94m10[39m Command(s) in [94mAnime[39m
[00:02:00] Loaded [94m2[39m Command(s) in [94mFun[39m
[00:02:00] Loaded [94m6[39m Command(s) in [94mEconomy[39m
[00:02:00] Loaded [94m4[39m Command(s) in [94mGames[39m
[00:02:00] Loaded [94m4[39m Command(s) in [94mHelp[39m
[00:02:00] Loaded [94m2[39m Command(s) in [94mLevel[39m
[00:02:00] Loaded [94m1[39m Command(s) in [94mMisc[39m
[00:02:00] Loaded [94m9[39m Command(s) in [94mModeration[39m
[00:02:00] Loaded [94m8[39m Command(s) in [94mNsfw[39m
[00:02:00] Loaded [94m2[39m Command(s) in [94mOwner[39m
[00:02:00] Loaded [94m1[39m Command(s) in [94mStatistics[39m
[00:02:00] Loaded [94m1[39m Command(s) in [94mText[39m
[00:02:00] Loaded [94m4[39m Command(s) in [94mUtility[39m
[00:02:00] Loaded [92mGuild[39m (Database)
[00:02:00] Loaded [92mMember[39m (Database)
[00:02:00] Loaded [92mModCase[39m (Database)
[00:02:00] Loaded [92mReactionRole[39m (Database)
[00:02:00] Loaded [92mRole[39m (Database)
[00:02:00] Loaded [92mSettings[39m (Database)
[00:02:00] Loaded [92mTextChannel[39m (Database)
[00:02:00] Loaded [92mUser[39m (Database)
[00:02:00] Logged in as [92mAURORA BOT#9304[39m
[00:02:00] [93m[ WARN (START) ][39m
[00:02:00] [90mEvent: shardDisconnect[39m
[00:02:00] [90mShard: 0[39m
[00:02:00] [90mLogged on: 06-08-2020 03:22:18 IST[39m
[00:02:00] [93m[ WARN (END) ][39m
[00:02:00] [93m[ WARN (START) ][39m
[00:02:00] All Bot shards have been Disconnected.
[00:02:00] [90mEvent: disconnect[39m
[00:02:00] [90mLogged on: 06-08-2020 03:22:18 IST[39m
[00:02:00] [93m[ WARN (END) ][39m
[00:02:00] Logged in as [92mAURORA BOT#9304[39m
[00:02:00] [91m[ ERROR (START) ][39m
[00:02:00] Error: 1001: CloudFlare WebSocket proxy restarting
[00:02:00] [90mEvent: error[39m
[00:02:00] [90mShard: 0[39m
[00:02:00] [90mLogged on: 06-08-2020 05:11:28 IST[39m
[00:02:00] [91m[ ERROR (END) ][39m
[00:02:00] [93m[ WARN (START) ][39m
[00:02:00] [90mEvent: shardDisconnect[39m
[00:02:00] [90mShard: 0[39m
[00:02:00] [90mLogged on: 06-08-2020 05:11:28 IST[39m
[00:02:00] [93m[ WARN (END) ][39m
[00:02:00] [93m[ WARN (START) ][39m
[00:02:00] All Bot shards have been Disconnected.
[00:02:00] [90mEvent: disconnect[39m
[00:02:00] [90mLogged on: 06-08-2020 05:11:28 IST[39m
[00:02:00] [93m[ WARN (END) ][39m
[00:02:00] Logged in as [92mAURORA BOT#9304[39m
[00:02:00] [93m[ WARN (START) ][39m
[00:02:00] [90mEvent: shardDisconnect[39m
[00:02:00] [90mShard: 0[39m
[00:02:00] [90mLogged on: 06-08-2020 08:25:30 IST[39m
[00:02:00] [93m[ WARN (END) ][39m
[00:02:00] [93m[ WARN (START) ][39m
[00:02:00] All Bot shards have been Disconnected.
[00:02:00] [90mEvent: disconnect[39m
[00:02:00] [90mLogged on: 06-08-2020 08:25:30 IST[39m
[00:02:00] [93m[ WARN (END) ][39m
[00:02:00] Logged in as [92mAURORA BOT#9304[39m
[00:02:00] [93m[ WARN (START) ][39m
[00:02:00] [90mEvent: shardDisconnect[39m
[00:02:00] [90mShard: 0[39m
[00:02:00] [90mLogged on: 06-08-2020 10:39:26 IST[39m
[00:02:00] [93m[ WARN (END) ][39m
[00:02:00] [93m[ WARN (START) ][39m
[00:02:00] All Bot shards have been Disconnected.
[00:02:00] [90mEvent: disconnect[39m
[00:02:00] [90mLogged on: 06-08-2020 10:39:26 IST[39m
[00:02:00] [93m[ WARN (END) ][39m
[00:02:00] Logged in as [92mAURORA BOT#9304[39m
[00:02:00] [91m[ ERROR (START) ][39m
[00:02:00] Error: Connection reset by peer
[00:02:00] [90mEvent: error[39m
[00:02:00] [90mShard: 0[39m
[00:02:00] [90mLogged on: 06-08-2020 10:42:21 IST[39m
[00:02:00] [91m[ ERROR (END) ][39m
[00:02:00] [93m[ WARN (START) ][39m
[00:02:00] [90mEvent: shardDisconnect[39m
[00:02:00] [90mShard: 0[39m
[00:02:00] [90mLogged on: 06-08-2020 10:42:21 IST[39m
[00:02:00] [93m[ WARN (END) ][39m
[00:02:00] [93m[ WARN (START) ][39m
[00:02:00] All Bot shards have been Disconnected.
[00:02:00] [90mEvent: disconnect[39m
[00:02:00] [90mLogged on: 06-08-2020 10:42:21 IST[39m
[00:02:00] [93m[ WARN (END) ][39m
[00:02:00] Logged in as [92mAURORA BOT#9304[39m
[00:02:00] [93m[ WARN (START) ][39m
[00:02:00] [90mEvent: shardDisconnect[39m
[00:02:00] [90mShard: 0[39m
[00:02:00] [90mLogged on: 06-08-2020 11:09:32 IST[39m
[00:02:00] [93m[ WARN (END) ][39m
[00:02:00] [93m[ WARN (START) ][39m
[00:02:00] All Bot shards have been Disconnected.
[00:02:00] [90mEvent: disconnect[39m
[00:02:00] [90mLogged on: 06-08-2020 11:09:32 IST[39m
[00:02:00] [93m[ WARN (END) ][39m
[00:02:00] Logged in as [92mAURORA BOT#9304[39m
[11:36:48] Loaded [94m32[39m Event(s)
[11:36:48] Loaded [94m10[39m Command(s) in [94mAnime[39m
[11:36:48] Loaded [94m2[39m Command(s) in [94mFun[39m
[11:36:48] Loaded [94m6[39m Command(s) in [94mEconomy[39m
[11:36:48] Loaded [94m4[39m Command(s) in [94mGames[39m
[11:36:48] Loaded [94m4[39m Command(s) in [94mHelp[39m
[11:36:48] Loaded [94m2[39m Command(s) in [94mLevel[39m
[11:36:48] Loaded [94m1[39m Command(s) in [94mMisc[39m
[11:36:48] Loaded [94m9[39m Command(s) in [94mModeration[39m
[11:36:48] Loaded [94m8[39m Command(s) in [94mNsfw[39m
[11:36:48] Loaded [94m2[39m Command(s) in [94mOwner[39m
[11:36:48] Loaded [94m1[39m Command(s) in [94mStatistics[39m
[11:36:48] Loaded [94m1[39m Command(s) in [94mText[39m
[11:36:48] Loaded [94m4[39m Command(s) in [94mUtility[39m
[11:36:48] Loaded [92mGuild[39m (Database)
[11:36:48] Loaded [92mMember[39m (Database)
[11:36:48] Loaded [92mModCase[39m (Database)
[11:36:48] Loaded [92mReactionRole[39m (Database)
[11:36:48] Loaded [92mRole[39m (Database)
[11:36:48] Loaded [92mSettings[39m (Database)
[11:36:48] Loaded [92mTextChannel[39m (Database)
[11:36:48] Loaded [92mUser[39m (Database)
[11:36:48] Logged in as [92mHype#9304[39m
[12:07:02] Loaded [94m32[39m Event(s)
[12:07:02] Loaded [94m10[39m Command(s) in [94mAnime[39m
[12:07:02] Loaded [94m2[39m Command(s) in [94mFun[39m
[12:07:02] Loaded [94m6[39m Command(s) in [94mEconomy[39m
[12:07:02] Loaded [94m4[39m Command(s) in [94mGames[39m
[12:07:02] Loaded [94m4[39m Command(s) in [94mHelp[39m
[12:07:02] Loaded [94m2[39m Command(s) in [94mLevel[39m
[12:07:02] Loaded [94m1[39m Command(s) in [94mMisc[39m
[12:07:02] Loaded [94m9[39m Command(s) in [94mModeration[39m
[12:07:02] Loaded [94m8[39m Command(s) in [94mNsfw[39m
[12:07:02] Loaded [94m2[39m Command(s) in [94mOwner[39m
[12:07:02] Loaded [94m1[39m Command(s) in [94mStatistics[39m
[12:07:02] Loaded [94m1[39m Command(s) in [94mText[39m
[12:07:02] Loaded [94m4[39m Command(s) in [94mUtility[39m
[12:07:02] Loaded [92mGuild[39m (Database)
[12:07:02] Loaded [92mMember[39m (Database)
[12:07:02] Loaded [92mModCase[39m (Database)
[12:07:02] Loaded [92mReactionRole[39m (Database)
[12:07:02] Loaded [92mRole[39m (Database)
[12:07:02] Loaded [92mSettings[39m (Database)
[12:07:02] Loaded [92mTextChannel[39m (Database)
[12:07:02] Loaded [92mUser[39m (Database)
[12:07:02] Logged in as [92mHype#9304[39m
[12:12:05] Loaded [94m32[39m Event(s)
[12:12:05] Loaded [94m10[39m Command(s) in [94mAnime[39m
[12:12:05] Loaded [94m6[39m Command(s) in [94mEconomy[39m
[12:12:05] Loaded [94m2[39m Command(s) in [94mFun[39m
[12:12:05] Loaded [94m4[39m Command(s) in [94mGames[39m
[12:12:05] Loaded [94m4[39m Command(s) in [94mHelp[39m
[12:12:05] Loaded [94m2[39m Command(s) in [94mLevel[39m
[12:12:05] Loaded [94m1[39m Command(s) in [94mMisc[39m
[12:12:05] Loaded [94m9[39m Command(s) in [94mModeration[39m
[12:12:05] Loaded [94m8[39m Command(s) in [94mNsfw[39m
[12:12:05] Loaded [94m2[39m Command(s) in [94mOwner[39m
[12:12:05] Loaded [94m1[39m Command(s) in [94mStatistics[39m
[12:12:05] Loaded [94m1[39m Command(s) in [94mText[39m
[12:12:05] Loaded [94m4[39m Command(s) in [94mUtility[39m
[12:12:05] Loaded [92mGuild[39m (Database)
[12:12:05] Loaded [92mMember[39m (Database)
[12:12:05] Loaded [92mModCase[39m (Database)
[12:12:05] Loaded [92mReactionRole[39m (Database)
[12:12:05] Loaded [92mRole[39m (Database)
[12:12:05] Loaded [92mSettings[39m (Database)
[12:12:05] Loaded [92mTextChannel[39m (Database)
[12:12:05] Loaded [92mUser[39m (Database)
[12:12:05] Logged in as [92mHype#9304[39m
[12:20:29] Loaded [94m32[39m Event(s)
[12:20:29] Loaded [94m10[39m Command(s) in [94mAnime[39m
[12:20:29] Loaded [94m6[39m Command(s) in [94mEconomy[39m
[12:20:29] Loaded [94m2[39m Command(s) in [94mFun[39m
[12:20:29] Loaded [94m4[39m Command(s) in [94mGames[39m
[12:20:29] Loaded [94m4[39m Command(s) in [94mHelp[39m
[12:20:29] Loaded [94m2[39m Command(s) in [94mLevel[39m
[12:20:29] Loaded [94m1[39m Command(s) in [94mMisc[39m
[12:20:29] Loaded [94m9[39m Command(s) in [94mModeration[39m
[12:20:29] Loaded [94m8[39m Command(s) in [94mNsfw[39m
[12:20:29] Loaded [94m2[39m Command(s) in [94mOwner[39m
[12:20:29] Loaded [94m1[39m Command(s) in [94mStatistics[39m
[12:20:29] Loaded [94m1[39m Command(s) in [94mText[39m
[12:20:29] Loaded [94m4[39m Command(s) in [94mUtility[39m
[12:20:29] Loaded [92mGuild[39m (Database)
[12:20:29] Loaded [92mMember[39m (Database)
[12:20:29] Loaded [92mModCase[39m (Database)
[12:20:29] Loaded [92mReactionRole[39m (Database)
[12:20:29] Loaded [92mRole[39m (Database)
[12:20:29] Loaded [92mSettings[39m (Database)
[12:20:29] Loaded [92mTextChannel[39m (Database)
[12:20:29] Loaded [92mUser[39m (Database)
[12:20:29] Logged in as [92mHype#9304[39m
[12:20:29] [91m[ ERROR (START) ][39m
[12:20:29] Error: Connection reset by peer
[12:20:29] [90mEvent: error[39m
[12:20:29] [90mShard: 0[39m
[12:20:29] [90mLogged on: 06-08-2020 12:32:35 IST[39m
[12:20:29] [91m[ ERROR (END) ][39m
[12:20:29] [93m[ WARN (START) ][39m
[12:20:29] [90mEvent: shardDisconnect[39m
[12:20:29] [90mShard: 0[39m
[12:20:29] [90mLogged on: 06-08-2020 12:32:35 IST[39m
[12:20:29] [93m[ WARN (END) ][39m
[12:20:29] [93m[ WARN (START) ][39m
[12:20:29] All Bot shards have been Disconnected.
[12:20:29] [90mEvent: disconnect[39m
[12:20:29] [90mLogged on: 06-08-2020 12:32:35 IST[39m
[12:20:29] [93m[ WARN (END) ][39m
[12:20:29] Logged in as [92mHype#9304[39m
[12:40:54] Loaded [94m32[39m Event(s)
[12:40:54] Loaded [94m10[39m Command(s) in [94mAnime[39m
[12:40:54] Loaded [94m6[39m Command(s) in [94mEconomy[39m
[12:40:54] Loaded [94m2[39m Command(s) in [94mFun[39m
[12:40:54] Loaded [94m4[39m Command(s) in [94mGames[39m
[12:40:54] Loaded [94m4[39m Command(s) in [94mHelp[39m
[12:40:54] Loaded [94m2[39m Command(s) in [94mLevel[39m
[12:40:54] Loaded [94m1[39m Command(s) in [94mMisc[39m
[12:40:54] Loaded [94m9[39m Command(s) in [94mModeration[39m
[12:40:54] Loaded [94m8[39m Command(s) in [94mNsfw[39m
[12:40:54] Loaded [94m2[39m Command(s) in [94mOwner[39m
[12:40:54] Loaded [94m1[39m Command(s) in [94mStatistics[39m
[12:40:54] Loaded [94m1[39m Command(s) in [94mText[39m
[12:40:54] Loaded [94m4[39m Command(s) in [94mUtility[39m
[12:40:54] Loaded [92mGuild[39m (Database)
[12:40:54] Loaded [92mMember[39m (Database)
[12:40:54] Loaded [92mModCase[39m (Database)
[12:40:54] Loaded [92mReactionRole[39m (Database)
[12:40:54] Loaded [92mRole[39m (Database)
[12:40:54] Loaded [92mSettings[39m (Database)
[12:40:54] Loaded [92mTextChannel[39m (Database)
[12:40:54] Loaded [92mUser[39m (Database)
[12:40:54] Logged in as [92mHype#9304[39m
[12:44:59] Loaded [94m32[39m Event(s)
[12:44:59] Loaded [94m6[39m Command(s) in [94mEconomy[39m
[12:44:59] Loaded [94m2[39m Command(s) in [94mFun[39m
[12:44:59] Loaded [94m10[39m Command(s) in [94mAnime[39m
[12:44:59] Loaded [94m4[39m Command(s) in [94mGames[39m
[12:44:59] Loaded [94m4[39m Command(s) in [94mHelp[39m
[12:44:59] Loaded [94m1[39m Command(s) in [94mMisc[39m
[12:44:59] Loaded [94m2[39m Command(s) in [94mLevel[39m
[12:44:59] Loaded [94m9[39m Command(s) in [94mModeration[39m
[12:44:59] Loaded [94m8[39m Command(s) in [94mNsfw[39m
[12:44:59] Loaded [94m2[39m Command(s) in [94mOwner[39m
[12:44:59] Loaded [94m1[39m Command(s) in [94mStatistics[39m
[12:44:59] Loaded [94m1[39m Command(s) in [94mText[39m
[12:44:59] Loaded [94m4[39m Command(s) in [94mUtility[39m
[12:44:59] Loaded [92mGuild[39m (Database)
[12:44:59] Loaded [92mMember[39m (Database)
[12:44:59] Loaded [92mModCase[39m (Database)
[12:44:59] Loaded [92mReactionRole[39m (Database)
[12:44:59] Loaded [92mRole[39m (Database)
[12:44:59] Loaded [92mSettings[39m (Database)
[12:44:59] Loaded [92mTextChannel[39m (Database)
[12:44:59] Loaded [92mUser[39m (Database)
[12:44:59] Logged in as [92mHype#9304[39m
[12:45:57] Loaded [94m32[39m Event(s)
[12:45:57] Loaded [94m10[39m Command(s) in [94mAnime[39m
[12:45:57] Loaded [94m6[39m Command(s) in [94mEconomy[39m
[12:45:57] Loaded [94m2[39m Command(s) in [94mFun[39m
[12:45:57] Loaded [94m4[39m Command(s) in [94mGames[39m
[12:45:57] Loaded [94m4[39m Command(s) in [94mHelp[39m
[12:45:57] Loaded [94m2[39m Command(s) in [94mLevel[39m
[12:45:57] Loaded [94m1[39m Command(s) in [94mMisc[39m
[12:45:57] Loaded [94m9[39m Command(s) in [94mModeration[39m
[12:45:57] Loaded [94m8[39m Command(s) in [94mNsfw[39m
[12:45:57] Loaded [94m2[39m Command(s) in [94mOwner[39m
[12:45:57] Loaded [94m1[39m Command(s) in [94mStatistics[39m
[12:45:57] Loaded [94m1[39m Command(s) in [94mText[39m
[12:45:57] Loaded [94m4[39m Command(s) in [94mUtility[39m
[12:45:57] Loaded [92mGuild[39m (Database)
[12:45:57] Loaded [92mMember[39m (Database)
[12:45:57] Loaded [92mModCase[39m (Database)
[12:45:57] Loaded [92mReactionRole[39m (Database)
[12:45:57] Loaded [92mRole[39m (Database)
[12:45:57] Loaded [92mSettings[39m (Database)
[12:45:57] Loaded [92mTextChannel[39m (Database)
[12:45:57] Loaded [92mUser[39m (Database)
[12:45:57] Logged in as [92mHype#9304[39m
[12:46:38] Loaded [94m32[39m Event(s)
[12:46:38] Loaded [94m10[39m Command(s) in [94mAnime[39m
[12:46:38] Loaded [94m6[39m Command(s) in [94mEconomy[39m
[12:46:38] Loaded [94m2[39m Command(s) in [94mFun[39m
[12:46:38] Loaded [94m4[39m Command(s) in [94mGames[39m
[12:46:38] Loaded [94m4[39m Command(s) in [94mHelp[39m
[12:46:38] Loaded [94m2[39m Command(s) in [94mLevel[39m
[12:46:38] Loaded [94m1[39m Command(s) in [94mMisc[39m
[12:46:38] Loaded [94m9[39m Command(s) in [94mModeration[39m
[12:46:38] Loaded [94m8[39m Command(s) in [94mNsfw[39m
[12:46:38] Loaded [94m2[39m Command(s) in [94mOwner[39m
[12:46:38] Loaded [94m1[39m Command(s) in [94mStatistics[39m
[12:46:38] Loaded [94m1[39m Command(s) in [94mText[39m
[12:46:38] Loaded [94m4[39m Command(s) in [94mUtility[39m
[12:46:38] Loaded [92mGuild[39m (Database)
[12:46:38] Loaded [92mMember[39m (Database)
[12:46:38] Loaded [92mModCase[39m (Database)
[12:46:38] Loaded [92mReactionRole[39m (Database)
[12:46:38] Loaded [92mRole[39m (Database)
[12:46:38] Loaded [92mSettings[39m (Database)
[12:46:38] Loaded [92mTextChannel[39m (Database)
[12:46:38] Loaded [92mUser[39m (Database)
[12:46:38] Logged in as [92mHype#9304[39m
[12:47:16] Loaded [94m32[39m Event(s)
[12:47:16] Loaded [94m10[39m Command(s) in [94mAnime[39m
[12:47:16] Loaded [94m5[39m Command(s) in [94mEconomy[39m
[12:47:16] Loaded [94m2[39m Command(s) in [94mFun[39m
[12:47:16] Loaded [94m4[39m Command(s) in [94mGames[39m
[12:47:16] Loaded [94m4[39m Command(s) in [94mHelp[39m
[12:47:16] Loaded [94m2[39m Command(s) in [94mLevel[39m
[12:47:16] Loaded [94m1[39m Command(s) in [94mMisc[39m
[12:47:16] Loaded [94m9[39m Command(s) in [94mModeration[39m
[12:47:16] Loaded [94m8[39m Command(s) in [94mNsfw[39m
[12:47:16] Loaded [94m2[39m Command(s) in [94mOwner[39m
[12:47:16] Loaded [94m1[39m Command(s) in [94mStatistics[39m
[12:47:16] Loaded [94m1[39m Command(s) in [94mText[39m
[12:47:16] Loaded [94m4[39m Command(s) in [94mUtility[39m
[12:47:16] Loaded [92mGuild[39m (Database)
[12:47:16] Loaded [92mMember[39m (Database)
[12:47:16] Loaded [92mModCase[39m (Database)
[12:47:16] Loaded [92mReactionRole[39m (Database)
[12:47:16] Loaded [92mRole[39m (Database)
[12:47:16] Loaded [92mSettings[39m (Database)
[12:47:16] Loaded [92mTextChannel[39m (Database)
[12:47:16] Loaded [92mUser[39m (Database)
[12:47:16] Logged in as [92mHype#9304[39m
[12:48:19] Loaded [94m32[39m Event(s)
[12:48:19] Loaded [94m6[39m Command(s) in [94mEconomy[39m
[12:48:19] Loaded [94m2[39m Command(s) in [94mFun[39m
[12:48:19] Loaded [94m4[39m Command(s) in [94mGames[39m
[12:48:19] Loaded [94m4[39m Command(s) in [94mHelp[39m
[12:48:19] Loaded [94m10[39m Command(s) in [94mAnime[39m
[12:48:19] Loaded [94m2[39m Command(s) in [94mLevel[39m
[12:48:19] Loaded [94m1[39m Command(s) in [94mMisc[39m
[12:48:19] Loaded [94m9[39m Command(s) in [94mModeration[39m
[12:48:19] Loaded [94m8[39m Command(s) in [94mNsfw[39m
[12:48:19] Loaded [94m2[39m Command(s) in [94mOwner[39m
[12:48:19] Loaded [94m1[39m Command(s) in [94mStatistics[39m
[12:48:19] Loaded [94m1[39m Command(s) in [94mText[39m
[12:48:19] Loaded [94m4[39m Command(s) in [94mUtility[39m
[12:48:19] Loaded [92mGuild[39m (Database)
[12:48:19] Loaded [92mMember[39m (Database)
[12:48:19] Loaded [92mModCase[39m (Database)
[12:48:19] Loaded [92mReactionRole[39m (Database)
[12:48:19] Loaded [92mRole[39m (Database)
[12:48:19] Loaded [92mSettings[39m (Database)
[12:48:19] Loaded [92mTextChannel[39m (Database)
[12:48:19] Loaded [92mUser[39m (Database)
[12:48:19] Logged in as [92mHype#9304[39m
[12:49:12] Loaded [94m32[39m Event(s)
[12:49:12] Loaded [94m10[39m Command(s) in [94mAnime[39m
[12:49:12] Loaded [94m6[39m Command(s) in [94mEconomy[39m
[12:49:12] Loaded [94m4[39m Command(s) in [94mGames[39m
[12:49:12] Loaded [94m4[39m Command(s) in [94mHelp[39m
[12:49:12] Loaded [94m2[39m Command(s) in [94mLevel[39m
[12:49:12] Loaded [94m2[39m Command(s) in [94mFun[39m
[12:49:12] Loaded [94m1[39m Command(s) in [94mMisc[39m
[12:49:12] Loaded [94m9[39m Command(s) in [94mModeration[39m
[12:49:12] Loaded [94m8[39m Command(s) in [94mNsfw[39m
[12:49:12] Loaded [94m2[39m Command(s) in [94mOwner[39m
[12:49:12] Loaded [94m1[39m Command(s) in [94mStatistics[39m
[12:49:12] Loaded [94m1[39m Command(s) in [94mText[39m
[12:49:12] Loaded [94m4[39m Command(s) in [94mUtility[39m
[12:49:12] Loaded [92mGuild[39m (Database)
[12:49:12] Loaded [92mMember[39m (Database)
[12:49:12] Loaded [92mModCase[39m (Database)
[12:49:12] Loaded [92mReactionRole[39m (Database)
[12:49:12] Loaded [92mRole[39m (Database)
[12:49:12] Loaded [92mSettings[39m (Database)
[12:49:12] Loaded [92mTextChannel[39m (Database)
[12:49:12] Loaded [92mUser[39m (Database)
[12:49:12] Logged in as [92mHype#9304[39m
[12:50:30] Loaded [94m32[39m Event(s)
[12:50:30] Loaded [94m10[39m Command(s) in [94mAnime[39m
[12:50:30] Loaded [94m5[39m Command(s) in [94mEconomy[39m
[12:50:30] Loaded [94m2[39m Command(s) in [94mFun[39m
[12:50:30] Loaded [94m4[39m Command(s) in [94mGames[39m
[12:50:30] Loaded [94m4[39m Command(s) in [94mHelp[39m
[12:50:30] Loaded [94m2[39m Command(s) in [94mLevel[39m
[12:50:30] Loaded [94m1[39m Command(s) in [94mMisc[39m
[12:50:30] Loaded [94m9[39m Command(s) in [94mModeration[39m
[12:50:30] Loaded [94m8[39m Command(s) in [94mNsfw[39m
[12:50:30] Loaded [94m2[39m Command(s) in [94mOwner[39m
[12:50:30] Loaded [94m1[39m Command(s) in [94mStatistics[39m
[12:50:30] Loaded [94m1[39m Command(s) in [94mText[39m
[12:50:30] Loaded [94m4[39m Command(s) in [94mUtility[39m
[12:50:30] Loaded [92mGuild[39m (Database)
[12:50:30] Loaded [92mMember[39m (Database)
[12:50:30] Loaded [92mModCase[39m (Database)
[12:50:30] Loaded [92mReactionRole[39m (Database)
[12:50:30] Loaded [92mRole[39m (Database)
[12:50:30] Loaded [92mSettings[39m (Database)
[12:50:30] Loaded [92mTextChannel[39m (Database)
[12:50:30] Loaded [92mUser[39m (Database)
[12:50:30] Logged in as [92mHype#9304[39m
[12:52:11] Loaded [94m32[39m Event(s)
[12:52:11] Loaded [94m10[39m Command(s) in [94mAnime[39m
[12:52:11] Loaded [94m6[39m Command(s) in [94mEconomy[39m
[12:52:11] Loaded [94m2[39m Command(s) in [94mFun[39m
[12:52:11] Loaded [94m4[39m Command(s) in [94mGames[39m
[12:52:11] Loaded [94m4[39m Command(s) in [94mHelp[39m
[12:52:11] Loaded [94m2[39m Command(s) in [94mLevel[39m
[12:52:11] Loaded [94m1[39m Command(s) in [94mMisc[39m
[12:52:11] Loaded [94m9[39m Command(s) in [94mModeration[39m
[12:52:11] Loaded [94m8[39m Command(s) in [94mNsfw[39m
[12:52:11] Loaded [94m2[39m Command(s) in [94mOwner[39m
[12:52:11] Loaded [94m1[39m Command(s) in [94mStatistics[39m
[12:52:11] Loaded [94m1[39m Command(s) in [94mText[39m
[12:52:11] Loaded [94m4[39m Command(s) in [94mUtility[39m
[12:52:11] Loaded [92mGuild[39m (Database)
[12:52:11] Loaded [92mMember[39m (Database)
[12:52:11] Loaded [92mModCase[39m (Database)
[12:52:11] Loaded [92mReactionRole[39m (Database)
[12:52:11] Loaded [92mRole[39m (Database)
[12:52:11] Loaded [92mSettings[39m (Database)
[12:52:11] Loaded [92mTextChannel[39m (Database)
[12:52:11] Loaded [92mUser[39m (Database)
[12:52:11] Logged in as [92mHype#9304[39m
[12:52:11] [91m[ ERROR (START) ][39m
[12:52:11] Error: Connection reset by peer
[12:52:11] [90mEvent: error[39m
[12:52:11] [90mShard: 0[39m
[12:52:11] [90mLogged on: 06-08-2020 12:58:18 IST[39m
[12:52:11] [91m[ ERROR (END) ][39m
[12:52:11] [93m[ WARN (START) ][39m
[12:52:11] [90mEvent: shardDisconnect[39m
[12:52:11] [90mShard: 0[39m
[12:52:11] [90mLogged on: 06-08-2020 12:58:18 IST[39m
[12:52:11] [93m[ WARN (END) ][39m
[12:52:11] [93m[ WARN (START) ][39m
[12:52:11] All Bot shards have been Disconnected.
[12:52:11] [90mEvent: disconnect[39m
[12:52:11] [90mLogged on: 06-08-2020 12:58:18 IST[39m
[12:52:11] [93m[ WARN (END) ][39m
[12:52:11] Logged in as [92mHype#9304[39m
[13:02:31] Loaded [94m32[39m Event(s)
[13:02:31] Loaded [94m10[39m Command(s) in [94mAnime[39m
[13:02:31] Loaded [94m6[39m Command(s) in [94mEconomy[39m
[13:02:31] Loaded [94m2[39m Command(s) in [94mFun[39m
[13:02:31] Loaded [94m4[39m Command(s) in [94mGames[39m
[13:02:31] Loaded [94m4[39m Command(s) in [94mHelp[39m
[13:02:31] Loaded [94m2[39m Command(s) in [94mLevel[39m
[13:02:31] Loaded [94m1[39m Command(s) in [94mMisc[39m
[13:02:31] Loaded [94m9[39m Command(s) in [94mModeration[39m
[13:02:31] Loaded [94m8[39m Command(s) in [94mNsfw[39m
[13:02:31] Loaded [94m2[39m Command(s) in [94mOwner[39m
[13:02:31] Loaded [94m1[39m Command(s) in [94mStatistics[39m
[13:02:31] Loaded [94m1[39m Command(s) in [94mText[39m
[13:02:31] Loaded [94m4[39m Command(s) in [94mUtility[39m
[13:02:31] Loaded [92mGuild[39m (Database)
[13:02:31] Loaded [92mMember[39m (Database)
[13:02:31] Loaded [92mModCase[39m (Database)
[13:02:31] Loaded [92mReactionRole[39m (Database)
[13:02:31] Loaded [92mRole[39m (Database)
[13:02:31] Loaded [92mSettings[39m (Database)
[13:02:31] Loaded [92mTextChannel[39m (Database)
[13:02:31] Loaded [92mUser[39m (Database)
[13:02:31] Logged in as [92mHype#9304[39m
[13:04:09] Loaded [94m32[39m Event(s)
[13:04:09] Loaded [94m10[39m Command(s) in [94mAnime[39m
[13:04:09] Loaded [94m6[39m Command(s) in [94mEconomy[39m
[13:04:09] Loaded [94m2[39m Command(s) in [94mFun[39m
[13:04:09] Loaded [94m4[39m Command(s) in [94mGames[39m
[13:04:09] Loaded [94m4[39m Command(s) in [94mHelp[39m
[13:04:09] Loaded [94m2[39m Command(s) in [94mLevel[39m
[13:04:09] Loaded [94m1[39m Command(s) in [94mMisc[39m
[13:04:09] Loaded [94m9[39m Command(s) in [94mModeration[39m
[13:04:09] Loaded [94m8[39m Command(s) in [94mNsfw[39m
[13:04:09] Loaded [94m2[39m Command(s) in [94mOwner[39m
[13:04:09] Loaded [94m1[39m Command(s) in [94mStatistics[39m
[13:04:09] Loaded [94m1[39m Command(s) in [94mText[39m
[13:04:09] Loaded [94m4[39m Command(s) in [94mUtility[39m
[13:04:09] Loaded [92mGuild[39m (Database)
[13:04:09] Loaded [92mMember[39m (Database)
[13:04:09] Loaded [92mModCase[39m (Database)
[13:04:09] Loaded [92mReactionRole[39m (Database)
[13:04:09] Loaded [92mRole[39m (Database)
[13:04:09] Loaded [92mSettings[39m (Database)
[13:04:09] Loaded [92mTextChannel[39m (Database)
[13:04:09] Loaded [92mUser[39m (Database)
[13:04:09] Logged in as [92mHype#9304[39m
[13:05:09] Loaded [94m32[39m Event(s)
[13:05:09] Loaded [94m10[39m Command(s) in [94mAnime[39m
[13:05:09] Loaded [94m2[39m Command(s) in [94mFun[39m
[13:05:09] Loaded [94m4[39m Command(s) in [94mHelp[39m
[13:05:09] Loaded [94m4[39m Command(s) in [94mGames[39m
[13:05:09] Loaded [94m2[39m Command(s) in [94mLevel[39m
[13:05:09] Loaded [94m1[39m Command(s) in [94mMisc[39m
[13:05:09] Loaded [94m8[39m Command(s) in [94mNsfw[39m
[13:05:09] Loaded [94m9[39m Command(s) in [94mModeration[39m
[13:05:09] Loaded [94m2[39m Command(s) in [94mOwner[39m
[13:05:09] Loaded [94m6[39m Command(s) in [94mEconomy[39m
[13:05:09] Loaded [94m1[39m Command(s) in [94mStatistics[39m
[13:05:09] Loaded [94m1[39m Command(s) in [94mText[39m
[13:05:09] Loaded [94m4[39m Command(s) in [94mUtility[39m
[13:05:09] Loaded [92mGuild[39m (Database)
[13:05:09] Loaded [92mMember[39m (Database)
[13:05:09] Loaded [92mModCase[39m (Database)
[13:05:09] Loaded [92mReactionRole[39m (Database)
[13:05:09] Loaded [92mRole[39m (Database)
[13:05:09] Loaded [92mSettings[39m (Database)
[13:05:09] Loaded [92mTextChannel[39m (Database)
[13:05:09] Loaded [92mUser[39m (Database)
[13:05:09] Logged in as [92mHype#9304[39m
[13:06:19] Loaded [94m32[39m Event(s)
[13:06:19] Loaded [94m10[39m Command(s) in [94mAnime[39m
[13:06:19] Loaded [94m2[39m Command(s) in [94mFun[39m
[13:06:19] Loaded [94m4[39m Command(s) in [94mGames[39m
[13:06:19] Loaded [94m4[39m Command(s) in [94mHelp[39m
[13:06:19] Loaded [94m2[39m Command(s) in [94mLevel[39m
[13:06:19] Loaded [94m1[39m Command(s) in [94mMisc[39m
[13:06:19] Loaded [94m5[39m Command(s) in [94mEconomy[39m
[13:06:19] Loaded [94m9[39m Command(s) in [94mModeration[39m
[13:06:19] Loaded [94m8[39m Command(s) in [94mNsfw[39m
[13:06:19] Loaded [94m2[39m Command(s) in [94mOwner[39m
[13:06:19] Loaded [94m1[39m Command(s) in [94mStatistics[39m
[13:06:19] Loaded [94m1[39m Command(s) in [94mText[39m
[13:06:19] Loaded [94m4[39m Command(s) in [94mUtility[39m
[13:06:19] Loaded [92mGuild[39m (Database)
[13:06:19] Loaded [92mMember[39m (Database)
[13:06:19] Loaded [92mModCase[39m (Database)
[13:06:19] Loaded [92mReactionRole[39m (Database)
[13:06:19] Loaded [92mRole[39m (Database)
[13:06:19] Loaded [92mSettings[39m (Database)
[13:06:19] Loaded [92mTextChannel[39m (Database)
[13:06:19] Loaded [92mUser[39m (Database)
[13:06:19] Logged in as [92mHype#9304[39m
[13:06:55] Loaded [94m32[39m Event(s)
[13:06:55] Loaded [94m10[39m Command(s) in [94mAnime[39m
[13:06:55] Loaded [94m2[39m Command(s) in [94mFun[39m
[13:06:55] Loaded [94m5[39m Command(s) in [94mEconomy[39m
[13:06:55] Loaded [94m4[39m Command(s) in [94mGames[39m
[13:06:55] Loaded [94m4[39m Command(s) in [94mHelp[39m
[13:06:55] Loaded [94m2[39m Command(s) in [94mLevel[39m
[13:06:55] Loaded [94m1[39m Command(s) in [94mMisc[39m
[13:06:55] Loaded [94m9[39m Command(s) in [94mModeration[39m
[13:06:55] Loaded [94m8[39m Command(s) in [94mNsfw[39m
[13:06:55] Loaded [94m2[39m Command(s) in [94mOwner[39m
[13:06:55] Loaded [94m1[39m Command(s) in [94mStatistics[39m
[13:06:55] Loaded [94m1[39m Command(s) in [94mText[39m
[13:06:55] Loaded [94m4[39m Command(s) in [94mUtility[39m
[13:06:55] Loaded [92mGuild[39m (Database)
[13:06:55] Loaded [92mMember[39m (Database)
[13:06:55] Loaded [92mModCase[39m (Database)
[13:06:55] Loaded [92mReactionRole[39m (Database)
[13:06:55] Loaded [92mRole[39m (Database)
[13:06:55] Loaded [92mSettings[39m (Database)
[13:06:55] Loaded [92mTextChannel[39m (Database)
[13:06:55] Loaded [92mUser[39m (Database)
[13:06:55] Logged in as [92mHype#9304[39m
[13:07:09] Loaded [94m32[39m Event(s)
[13:07:09] Loaded [94m10[39m Command(s) in [94mAnime[39m
[13:07:09] Loaded [94m6[39m Command(s) in [94mEconomy[39m
[13:07:09] Loaded [94m2[39m Command(s) in [94mFun[39m
[13:07:09] Loaded [94m4[39m Command(s) in [94mGames[39m
[13:07:09] Loaded [94m4[39m Command(s) in [94mHelp[39m
[13:07:09] Loaded [94m2[39m Command(s) in [94mLevel[39m
[13:07:09] Loaded [94m9[39m Command(s) in [94mModeration[39m
[13:07:09] Loaded [94m8[39m Command(s) in [94mNsfw[39m
[13:07:09] Loaded [94m1[39m Command(s) in [94mMisc[39m
[13:07:09] Loaded [94m2[39m Command(s) in [94mOwner[39m
[13:07:09] Loaded [94m1[39m Command(s) in [94mStatistics[39m
[13:07:09] Loaded [94m1[39m Command(s) in [94mText[39m
[13:07:09] Loaded [94m4[39m Command(s) in [94mUtility[39m
[13:07:09] Loaded [92mGuild[39m (Database)
[13:07:09] Loaded [92mMember[39m (Database)
[13:07:09] Loaded [92mModCase[39m (Database)
[13:07:09] Loaded [92mReactionRole[39m (Database)
[13:07:09] Loaded [92mRole[39m (Database)
[13:07:09] Loaded [92mSettings[39m (Database)
[13:07:09] Loaded [92mTextChannel[39m (Database)
[13:07:09] Loaded [92mUser[39m (Database)
[13:07:09] Logged in as [92mHype#9304[39m
[13:10:18] Loaded [94m32[39m Event(s)
[13:10:18] Loaded [94m10[39m Command(s) in [94mAnime[39m
[13:10:18] Loaded [94m6[39m Command(s) in [94mEconomy[39m
[13:10:18] Loaded [94m2[39m Command(s) in [94mFun[39m
[13:10:18] Loaded [94m4[39m Command(s) in [94mGames[39m
[13:10:18] Loaded [94m4[39m Command(s) in [94mHelp[39m
[13:10:18] Loaded [94m2[39m Command(s) in [94mLevel[39m
[13:10:18] Loaded [94m1[39m Command(s) in [94mMisc[39m
[13:10:18] Loaded [94m9[39m Command(s) in [94mModeration[39m
[13:10:18] Loaded [94m8[39m Command(s) in [94mNsfw[39m
[13:10:18] Loaded [94m2[39m Command(s) in [94mOwner[39m
[13:10:18] Loaded [94m1[39m Command(s) in [94mStatistics[39m
[13:10:18] Loaded [94m1[39m Command(s) in [94mText[39m
[13:10:18] Loaded [94m4[39m Command(s) in [94mUtility[39m
[13:10:18] Loaded [92mGuild[39m (Database)
[13:10:18] Loaded [92mMember[39m (Database)
[13:10:18] Loaded [92mModCase[39m (Database)
[13:10:18] Loaded [92mReactionRole[39m (Database)
[13:10:18] Loaded [92mRole[39m (Database)
[13:10:18] Loaded [92mSettings[39m (Database)
[13:10:18] Loaded [92mTextChannel[39m (Database)
[13:10:18] Loaded [92mUser[39m (Database)
[13:10:18] Logged in as [92mHype#9304[39m
[13:10:18] [91m[ ERROR (START) ][39m
[13:10:18] Error: Connection reset by peer
[13:10:18] [90mEvent: error[39m
[13:10:18] [90mShard: 0[39m
[13:10:18] [90mLogged on: 06-08-2020 13:11:29 IST[39m
[13:10:18] [91m[ ERROR (END) ][39m
[13:10:18] [93m[ WARN (START) ][39m
[13:10:18] [90mEvent: shardDisconnect[39m
[13:10:18] [90mShard: 0[39m
[13:10:18] [90mLogged on: 06-08-2020 13:11:29 IST[39m
[13:10:18] [93m[ WARN (END) ][39m
[13:10:18] [93m[ WARN (START) ][39m
[13:10:18] All Bot shards have been Disconnected.
[13:10:18] [90mEvent: disconnect[39m
[13:10:18] [90mLogged on: 06-08-2020 13:11:29 IST[39m
[13:10:18] [93m[ WARN (END) ][39m
[13:10:18] Logged in as [92mHype#9304[39m
[13:11:39] Loaded [94m32[39m Event(s)
[13:11:39] Loaded [94m6[39m Command(s) in [94mEconomy[39m
[13:11:39] Loaded [94m2[39m Command(s) in [94mFun[39m
[13:11:39] Loaded [94m4[39m Command(s) in [94mGames[39m
[13:11:39] Loaded [94m4[39m Command(s) in [94mHelp[39m
[13:11:39] Loaded [94m10[39m Command(s) in [94mAnime[39m
[13:11:39] Loaded [94m2[39m Command(s) in [94mLevel[39m
[13:11:39] Loaded [94m1[39m Command(s) in [94mMisc[39m
[13:11:39] Loaded [94m9[39m Command(s) in [94mModeration[39m
[13:11:39] Loaded [94m8[39m Command(s) in [94mNsfw[39m
[13:11:39] Loaded [94m2[39m Command(s) in [94mOwner[39m
[13:11:39] Loaded [94m1[39m Command(s) in [94mStatistics[39m
[13:11:39] Loaded [94m1[39m Command(s) in [94mText[39m
[13:11:39] Loaded [94m4[39m Command(s) in [94mUtility[39m
[13:11:39] Loaded [92mGuild[39m (Database)
[13:11:39] Loaded [92mMember[39m (Database)
[13:11:39] Loaded [92mModCase[39m (Database)
[13:11:39] Loaded [92mReactionRole[39m (Database)
[13:11:39] Loaded [92mRole[39m (Database)
[13:11:39] Loaded [92mSettings[39m (Database)
[13:11:39] Loaded [92mTextChannel[39m (Database)
[13:11:39] Loaded [92mUser[39m (Database)
[13:11:39] Logged in as [92mHype#9304[39m
[13:11:39] [User 524805915526955048],[object Object]
[13:17:43] Loaded [94m32[39m Event(s)
[13:17:43] Loaded [94m10[39m Command(s) in [94mAnime[39m
[13:17:43] Loaded [94m6[39m Command(s) in [94mEconomy[39m
[13:17:43] Loaded [94m2[39m Command(s) in [94mFun[39m
[13:17:43] Loaded [94m4[39m Command(s) in [94mGames[39m
[13:17:43] Loaded [94m2[39m Command(s) in [94mLevel[39m
[13:17:43] Loaded [94m4[39m Command(s) in [94mHelp[39m
[13:17:43] Loaded [94m1[39m Command(s) in [94mMisc[39m
[13:17:43] Loaded [94m9[39m Command(s) in [94mModeration[39m
[13:17:43] Loaded [94m8[39m Command(s) in [94mNsfw[39m
[13:17:43] Loaded [94m2[39m Command(s) in [94mOwner[39m
[13:17:43] Loaded [94m1[39m Command(s) in [94mStatistics[39m
[13:17:43] Loaded [94m1[39m Command(s) in [94mText[39m
[13:17:43] Loaded [94m4[39m Command(s) in [94mUtility[39m
[13:17:43] Loaded [92mGuild[39m (Database)
[13:17:43] Loaded [92mMember[39m (Database)
[13:17:43] Loaded [92mModCase[39m (Database)
[13:17:43] Loaded [92mReactionRole[39m (Database)
[13:17:43] Loaded [92mRole[39m (Database)
[13:17:43] Loaded [92mSettings[39m (Database)
[13:17:43] Loaded [92mTextChannel[39m (Database)
[13:17:43] Loaded [92mUser[39m (Database)
[13:17:43] Logged in as [92mHype#9304[39m
[13:22:01] Loaded [94m32[39m Event(s)
[13:22:01] Loaded [94m10[39m Command(s) in [94mAnime[39m
[13:22:01] Loaded [94m2[39m Command(s) in [94mFun[39m
[13:22:01] Loaded [94m6[39m Command(s) in [94mEconomy[39m
[13:22:01] Loaded [94m4[39m Command(s) in [94mGames[39m
[13:22:01] Loaded [94m4[39m Command(s) in [94mHelp[39m
[13:22:01] Loaded [94m2[39m Command(s) in [94mLevel[39m
[13:22:01] Loaded [94m1[39m Command(s) in [94mMisc[39m
[13:22:01] Loaded [94m9[39m Command(s) in [94mModeration[39m
[13:22:01] Loaded [94m8[39m Command(s) in [94mNsfw[39m
[13:22:01] Loaded [94m2[39m Command(s) in [94mOwner[39m
[13:22:01] Loaded [94m1[39m Command(s) in [94mStatistics[39m
[13:22:01] Loaded [94m1[39m Command(s) in [94mText[39m
[13:22:01] Loaded [94m4[39m Command(s) in [94mUtility[39m
[13:22:01] Loaded [92mGuild[39m (Database)
[13:22:01] Loaded [92mMember[39m (Database)
[13:22:01] Loaded [92mModCase[39m (Database)
[13:22:01] Loaded [92mReactionRole[39m (Database)
[13:22:01] Loaded [92mRole[39m (Database)
[13:22:01] Loaded [92mSettings[39m (Database)
[13:22:01] Loaded [92mTextChannel[39m (Database)
[13:22:01] Loaded [92mUser[39m (Database)
[13:22:01] Logged in as [92mHype#9304[39m
[13:22:19] Loaded [94m32[39m Event(s)
[13:22:19] Loaded [94m10[39m Command(s) in [94mAnime[39m
[13:22:19] Loaded [94m2[39m Command(s) in [94mFun[39m
[13:22:19] Loaded [94m4[39m Command(s) in [94mGames[39m
[13:22:19] Loaded [94m6[39m Command(s) in [94mEconomy[39m
[13:22:19] Loaded [94m4[39m Command(s) in [94mHelp[39m
[13:22:19] Loaded [94m2[39m Command(s) in [94mLevel[39m
[13:22:19] Loaded [94m1[39m Command(s) in [94mMisc[39m
[13:22:19] Loaded [94m9[39m Command(s) in [94mModeration[39m
[13:22:19] Loaded [94m8[39m Command(s) in [94mNsfw[39m
[13:22:19] Loaded [94m2[39m Command(s) in [94mOwner[39m
[13:22:19] Loaded [94m1[39m Command(s) in [94mStatistics[39m
[13:22:19] Loaded [94m1[39m Command(s) in [94mText[39m
[13:22:19] Loaded [94m4[39m Command(s) in [94mUtility[39m
[13:22:19] Loaded [92mGuild[39m (Database)
[13:22:19] Loaded [92mMember[39m (Database)
[13:22:19] Loaded [92mModCase[39m (Database)
[13:22:19] Loaded [92mReactionRole[39m (Database)
[13:22:19] Loaded [92mRole[39m (Database)
[13:22:19] Loaded [92mSettings[39m (Database)
[13:22:19] Loaded [92mTextChannel[39m (Database)
[13:22:19] Loaded [92mUser[39m (Database)
[13:22:19] Logged in as [92mHype#9304[39m
[13:23:20] Loaded [94m32[39m Event(s)
[13:23:20] Loaded [94m10[39m Command(s) in [94mAnime[39m
[13:23:20] Loaded [94m2[39m Command(s) in [94mFun[39m
[13:23:20] Loaded [94m6[39m Command(s) in [94mEconomy[39m
[13:23:20] Loaded [94m4[39m Command(s) in [94mGames[39m
[13:23:20] Loaded [94m4[39m Command(s) in [94mHelp[39m
[13:23:20] Loaded [94m2[39m Command(s) in [94mLevel[39m
[13:23:20] Loaded [94m1[39m Command(s) in [94mMisc[39m
[13:23:20] Loaded [94m9[39m Command(s) in [94mModeration[39m
[13:23:20] Loaded [94m8[39m Command(s) in [94mNsfw[39m
[13:23:20] Loaded [94m2[39m Command(s) in [94mOwner[39m
[13:23:20] Loaded [94m1[39m Command(s) in [94mStatistics[39m
[13:23:20] Loaded [94m1[39m Command(s) in [94mText[39m
[13:23:20] Loaded [94m4[39m Command(s) in [94mUtility[39m
[13:23:20] Loaded [92mGuild[39m (Database)
[13:23:20] Loaded [92mMember[39m (Database)
[13:23:20] Loaded [92mModCase[39m (Database)
[13:23:20] Loaded [92mReactionRole[39m (Database)
[13:23:20] Loaded [92mRole[39m (Database)
[13:23:20] Loaded [92mSettings[39m (Database)
[13:23:20] Loaded [92mTextChannel[39m (Database)
[13:23:20] Loaded [92mUser[39m (Database)
[13:23:20] Logged in as [92mHype#9304[39m
[13:23:51] Loaded [94m32[39m Event(s)
[13:23:51] Loaded [94m6[39m Command(s) in [94mEconomy[39m
[13:23:51] Loaded [94m10[39m Command(s) in [94mAnime[39m
[13:23:51] Loaded [94m2[39m Command(s) in [94mFun[39m
[13:23:51] Loaded [94m4[39m Command(s) in [94mGames[39m
[13:23:51] Loaded [94m4[39m Command(s) in [94mHelp[39m
[13:23:51] Loaded [94m2[39m Command(s) in [94mLevel[39m
[13:23:51] Loaded [94m1[39m Command(s) in [94mMisc[39m
[13:23:51] Loaded [94m9[39m Command(s) in [94mModeration[39m
[13:23:51] Loaded [94m8[39m Command(s) in [94mNsfw[39m
[13:23:51] Loaded [94m1[39m Command(s) in [94mStatistics[39m
[13:23:51] Loaded [94m2[39m Command(s) in [94mOwner[39m
[13:23:51] Loaded [94m1[39m Command(s) in [94mText[39m
[13:23:51] Loaded [94m4[39m Command(s) in [94mUtility[39m
[13:23:51] Loaded [92mGuild[39m (Database)
[13:23:51] Loaded [92mMember[39m (Database)
[13:23:51] Loaded [92mModCase[39m (Database)
[13:23:51] Loaded [92mReactionRole[39m (Database)
[13:23:51] Loaded [92mRole[39m (Database)
[13:23:51] Loaded [92mSettings[39m (Database)
[13:23:51] Loaded [92mTextChannel[39m (Database)
[13:23:51] Loaded [92mUser[39m (Database)
[13:23:51] Logged in as [92mHype#9304[39m
[13:37:49] Loaded [94m32[39m Event(s)
[13:37:49] Loaded [94m10[39m Command(s) in [94mAnime[39m
[13:37:49] Loaded [94m6[39m Command(s) in [94mEconomy[39m
[13:37:49] Loaded [94m2[39m Command(s) in [94mFun[39m
[13:37:49] Loaded [94m4[39m Command(s) in [94mGames[39m
[13:37:49] Loaded [94m4[39m Command(s) in [94mHelp[39m
[13:37:49] Loaded [94m2[39m Command(s) in [94mLevel[39m
[13:37:49] Loaded [94m9[39m Command(s) in [94mModeration[39m
[13:37:49] Loaded [94m1[39m Command(s) in [94mMisc[39m
[13:37:49] Loaded [94m8[39m Command(s) in [94mNsfw[39m
[13:37:49] Loaded [94m2[39m Command(s) in [94mOwner[39m
[13:37:49] Loaded [94m1[39m Command(s) in [94mStatistics[39m
[13:37:49] Loaded [94m1[39m Command(s) in [94mText[39m
[13:37:49] Loaded [94m4[39m Command(s) in [94mUtility[39m
[13:37:49] Loaded [92mGuild[39m (Database)
[13:37:49] Loaded [92mMember[39m (Database)
[13:37:49] Loaded [92mModCase[39m (Database)
[13:37:49] Loaded [92mReactionRole[39m (Database)
[13:37:49] Loaded [92mRole[39m (Database)
[13:37:49] Loaded [92mSettings[39m (Database)
[13:37:49] Loaded [92mTextChannel[39m (Database)
[13:37:49] Loaded [92mUser[39m (Database)
[13:37:49] Logged in as [92mHype#9304[39m
[14:30:20] Loaded [94m32[39m Event(s)
[14:30:20] Loaded [94m10[39m Command(s) in [94mAnime[39m
[14:30:20] Loaded [94m2[39m Command(s) in [94mFun[39m
[14:30:20] Loaded [94m4[39m Command(s) in [94mGames[39m
[14:30:20] Loaded [94m6[39m Command(s) in [94mEconomy[39m
[14:30:20] Loaded [94m4[39m Command(s) in [94mHelp[39m
[14:30:20] Loaded [94m1[39m Command(s) in [94mMisc[39m
[14:30:20] Loaded [94m2[39m Command(s) in [94mLevel[39m
[14:30:20] Loaded [94m8[39m Command(s) in [94mNsfw[39m
[14:30:20] Loaded [94m9[39m Command(s) in [94mModeration[39m
[14:30:20] Loaded [94m2[39m Command(s) in [94mOwner[39m
[14:30:20] Loaded [94m1[39m Command(s) in [94mText[39m
[14:30:20] Loaded [94m1[39m Command(s) in [94mStatistics[39m
[14:30:20] Loaded [94m4[39m Command(s) in [94mUtility[39m
[14:30:20] Loaded [92mGuild[39m (Database)
[14:30:20] Loaded [92mMember[39m (Database)
[14:30:20] Loaded [92mModCase[39m (Database)
[14:30:20] Loaded [92mReactionRole[39m (Database)
[14:30:20] Loaded [92mRole[39m (Database)
[14:30:20] Loaded [92mSettings[39m (Database)
[14:30:20] Loaded [92mTextChannel[39m (Database)
[14:30:20] Loaded [92mUser[39m (Database)
[22:35:39] Loaded [94m32[39m Event(s)
[22:35:39] Loaded [94m10[39m Command(s) in [94mAnime[39m
[22:35:39] Loaded [94m6[39m Command(s) in [94mEconomy[39m
[22:35:39] Loaded [94m2[39m Command(s) in [94mFun[39m
[22:35:39] Loaded [94m4[39m Command(s) in [94mGames[39m
[22:35:39] Loaded [94m4[39m Command(s) in [94mHelp[39m
[22:35:39] Loaded [94m2[39m Command(s) in [94mLevel[39m
[22:35:39] Loaded [94m1[39m Command(s) in [94mMisc[39m
[22:35:39] Loaded [94m9[39m Command(s) in [94mModeration[39m
[22:35:39] Loaded [94m8[39m Command(s) in [94mNsfw[39m
[22:35:39] Loaded [94m2[39m Command(s) in [94mOwner[39m
[22:35:39] Loaded [94m1[39m Command(s) in [94mStatistics[39m
[22:35:39] Loaded [94m1[39m Command(s) in [94mText[39m
[22:35:39] Loaded [94m4[39m Command(s) in [94mUtility[39m
[22:35:39] Loaded [92mGuild[39m (Database)
[22:35:39] Loaded [92mMember[39m (Database)
[22:35:39] Loaded [92mModCase[39m (Database)
[22:35:39] Loaded [92mReactionRole[39m (Database)
[22:35:39] Loaded [92mRole[39m (Database)
[22:35:39] Loaded [92mSettings[39m (Database)
[22:35:39] Loaded [92mTextChannel[39m (Database)
[22:35:39] Loaded [92mUser[39m (Database)
[22:35:39] Logged in as [92mHype#9304[39m
[22:35:39] [93m[ WARN (START) ][39m
[22:35:39] [90mEvent: shardDisconnect[39m
[22:35:39] [90mShard: 0[39m
[22:35:39] [90mLogged on: 07-08-2020 01:45:23 IST[39m
[22:35:39] [93m[ WARN (END) ][39m
[22:35:39] [93m[ WARN (START) ][39m
[22:35:39] All Bot shards have been Disconnected.
[22:35:39] [90mEvent: disconnect[39m
[22:35:39] [90mLogged on: 07-08-2020 01:45:23 IST[39m
[22:35:39] [93m[ WARN (END) ][39m
[22:35:39] Logged in as [92mHype#9304[39m
[22:35:39] [93m[ WARN (START) ][39m
[22:35:39] [90mEvent: shardDisconnect[39m
[22:35:39] [90mShard: 0[39m
[22:35:39] [90mLogged on: 07-08-2020 02:50:32 IST[39m
[22:35:39] [93m[ WARN (END) ][39m
[22:35:39] [93m[ WARN (START) ][39m
[22:35:39] All Bot shards have been Disconnected.
[22:35:39] [90mEvent: disconnect[39m
[22:35:39] [90mLogged on: 07-08-2020 02:50:32 IST[39m
[22:35:39] [93m[ WARN (END) ][39m
[22:35:39] Logged in as [92mHype#9304[39m
[22:35:39] [91m[ ERROR (START) ][39m
[22:35:39] Error: Connection reset by peer
[22:35:39] [90mEvent: error[39m
[22:35:39] [90mShard: 0[39m
[22:35:39] [90mLogged on: 07-08-2020 05:08:00 IST[39m
[22:35:39] [91m[ ERROR (END) ][39m
[22:35:39] [93m[ WARN (START) ][39m
[22:35:39] [90mEvent: shardDisconnect[39m
[22:35:39] [90mShard: 0[39m
[22:35:39] [90mLogged on: 07-08-2020 05:08:00 IST[39m
[22:35:39] [93m[ WARN (END) ][39m
[22:35:39] [93m[ WARN (START) ][39m
[22:35:39] All Bot shards have been Disconnected.
[22:35:39] [90mEvent: disconnect[39m
[22:35:39] [90mLogged on: 07-08-2020 05:08:00 IST[39m
[22:35:39] [93m[ WARN (END) ][39m
[22:35:39] Logged in as [92mHype#9304[39m
